{"C:\\Data\\Code\\Express\\ECommerce-ExpressJs-Solution-main\\Express\\app.js": {"path":"C:\\Data\\Code\\Express\\ECommerce-ExpressJs-Solution-main\\Express\\app.js","statementMap":{"0":{"start":{"line":1,"column":18},"end":{"line":1,"column":40}},"1":{"start":{"line":2,"column":14},"end":{"line":2,"column":32}},"2":{"start":{"line":3,"column":11},"end":{"line":3,"column":26}},"3":{"start":{"line":4,"column":19},"end":{"line":4,"column":43}},"4":{"start":{"line":5,"column":13},"end":{"line":5,"column":30}},"5":{"start":{"line":6,"column":11},"end":{"line":6,"column":26}},"6":{"start":{"line":7,"column":20},"end":{"line":7,"column":51}},"7":{"start":{"line":8,"column":21},"end":{"line":8,"column":57}},"8":{"start":{"line":10,"column":10},"end":{"line":10,"column":19}},"9":{"start":{"line":12,"column":0},"end":{"line":12,"column":23}},"10":{"start":{"line":13,"column":0},"end":{"line":13,"column":24}},"11":{"start":{"line":14,"column":0},"end":{"line":14,"column":49}},"12":{"start":{"line":15,"column":0},"end":{"line":15,"column":24}},"13":{"start":{"line":16,"column":0},"end":{"line":16,"column":56}},"14":{"start":{"line":17,"column":0},"end":{"line":17,"column":16}},"15":{"start":{"line":20,"column":0},"end":{"line":20,"column":29}},"16":{"start":{"line":23,"column":0},"end":{"line":23,"column":22}},"17":{"start":{"line":25,"column":0},"end":{"line":25,"column":21}}},"fnMap":{},"branchMap":{},"s":{"0":3,"1":3,"2":3,"3":3,"4":3,"5":3,"6":3,"7":3,"8":3,"9":3,"10":3,"11":3,"12":3,"13":3,"14":3,"15":3,"16":3,"17":3},"f":{},"b":{},"_coverageSchema":"1a1c01bbd47fc00a2c39e90264f33305004495a9","hash":"b89b9977ed01735215f2ba50bc76fddcc93df21f"}
,"C:\\Data\\Code\\Express\\ECommerce-ExpressJs-Solution-main\\Express\\controllers\\hotelController.js": {"path":"C:\\Data\\Code\\Express\\ECommerce-ExpressJs-Solution-main\\Express\\controllers\\hotelController.js","statementMap":{"0":{"start":{"line":1,"column":14},"end":{"line":1,"column":40}},"1":{"start":{"line":2,"column":15},"end":{"line":2,"column":42}},"2":{"start":{"line":3,"column":17},"end":{"line":3,"column":46}},"3":{"start":{"line":6,"column":20},"end":{"line":15,"column":1}},"4":{"start":{"line":7,"column":4},"end":{"line":14,"column":5}},"5":{"start":{"line":8,"column":49},"end":{"line":8,"column":57}},"6":{"start":{"line":9,"column":22},"end":{"line":9,"column":65}},"7":{"start":{"line":10,"column":8},"end":{"line":10,"column":27}},"8":{"start":{"line":11,"column":8},"end":{"line":11,"column":71}},"9":{"start":{"line":13,"column":8},"end":{"line":13,"column":53}},"10":{"start":{"line":18,"column":21},"end":{"line":25,"column":1}},"11":{"start":{"line":19,"column":4},"end":{"line":24,"column":5}},"12":{"start":{"line":20,"column":23},"end":{"line":20,"column":61}},"13":{"start":{"line":21,"column":8},"end":{"line":21,"column":37}},"14":{"start":{"line":23,"column":8},"end":{"line":23,"column":53}},"15":{"start":{"line":28,"column":21},"end":{"line":36,"column":1}},"16":{"start":{"line":29,"column":4},"end":{"line":35,"column":5}},"17":{"start":{"line":30,"column":22},"end":{"line":30,"column":82}},"18":{"start":{"line":31,"column":8},"end":{"line":31,"column":80}},"19":{"start":{"line":31,"column":20},"end":{"line":31,"column":80}},"20":{"start":{"line":32,"column":8},"end":{"line":32,"column":36}},"21":{"start":{"line":34,"column":8},"end":{"line":34,"column":53}},"22":{"start":{"line":39,"column":21},"end":{"line":55,"column":1}},"23":{"start":{"line":40,"column":4},"end":{"line":54,"column":5}},"24":{"start":{"line":41,"column":44},"end":{"line":41,"column":52}},"25":{"start":{"line":42,"column":22},"end":{"line":42,"column":62}},"26":{"start":{"line":43,"column":8},"end":{"line":43,"column":80}},"27":{"start":{"line":43,"column":20},"end":{"line":43,"column":80}},"28":{"start":{"line":45,"column":23},"end":{"line":45,"column":80}},"29":{"start":{"line":46,"column":8},"end":{"line":46,"column":28}},"30":{"start":{"line":48,"column":8},"end":{"line":48,"column":39}},"31":{"start":{"line":49,"column":8},"end":{"line":49,"column":27}},"32":{"start":{"line":51,"column":8},"end":{"line":51,"column":37}},"33":{"start":{"line":53,"column":8},"end":{"line":53,"column":53}},"34":{"start":{"line":58,"column":24},"end":{"line":66,"column":1}},"35":{"start":{"line":59,"column":4},"end":{"line":65,"column":5}},"36":{"start":{"line":60,"column":22},"end":{"line":60,"column":82}},"37":{"start":{"line":61,"column":8},"end":{"line":61,"column":80}},"38":{"start":{"line":61,"column":20},"end":{"line":61,"column":80}},"39":{"start":{"line":62,"column":8},"end":{"line":62,"column":44}},"40":{"start":{"line":64,"column":8},"end":{"line":64,"column":53}},"41":{"start":{"line":69,"column":23},"end":{"line":78,"column":1}},"42":{"start":{"line":70,"column":4},"end":{"line":77,"column":5}},"43":{"start":{"line":71,"column":45},"end":{"line":71,"column":53}},"44":{"start":{"line":72,"column":25},"end":{"line":72,"column":67}},"45":{"start":{"line":73,"column":8},"end":{"line":73,"column":30}},"46":{"start":{"line":74,"column":8},"end":{"line":74,"column":39}},"47":{"start":{"line":76,"column":8},"end":{"line":76,"column":53}},"48":{"start":{"line":81,"column":28},"end":{"line":100,"column":1}},"49":{"start":{"line":82,"column":4},"end":{"line":99,"column":5}},"50":{"start":{"line":83,"column":22},"end":{"line":83,"column":62}},"51":{"start":{"line":84,"column":25},"end":{"line":84,"column":71}},"52":{"start":{"line":86,"column":8},"end":{"line":88,"column":9}},"53":{"start":{"line":87,"column":12},"end":{"line":87,"column":85}},"54":{"start":{"line":91,"column":8},"end":{"line":91,"column":43}},"55":{"start":{"line":94,"column":8},"end":{"line":94,"column":27}},"56":{"start":{"line":96,"column":8},"end":{"line":96,"column":84}},"57":{"start":{"line":98,"column":8},"end":{"line":98,"column":53}},"58":{"start":{"line":103,"column":29},"end":{"line":111,"column":1}},"59":{"start":{"line":104,"column":4},"end":{"line":110,"column":5}},"60":{"start":{"line":105,"column":22},"end":{"line":105,"column":84}},"61":{"start":{"line":106,"column":8},"end":{"line":106,"column":80}},"62":{"start":{"line":106,"column":20},"end":{"line":106,"column":80}},"63":{"start":{"line":107,"column":8},"end":{"line":107,"column":46}},"64":{"start":{"line":109,"column":8},"end":{"line":109,"column":53}},"65":{"start":{"line":114,"column":20},"end":{"line":122,"column":1}},"66":{"start":{"line":115,"column":4},"end":{"line":121,"column":5}},"67":{"start":{"line":116,"column":22},"end":{"line":116,"column":71}},"68":{"start":{"line":117,"column":8},"end":{"line":117,"column":80}},"69":{"start":{"line":117,"column":20},"end":{"line":117,"column":80}},"70":{"start":{"line":118,"column":8},"end":{"line":118,"column":72}},"71":{"start":{"line":120,"column":8},"end":{"line":120,"column":53}},"72":{"start":{"line":125,"column":21},"end":{"line":138,"column":1}},"73":{"start":{"line":126,"column":4},"end":{"line":137,"column":5}},"74":{"start":{"line":127,"column":23},"end":{"line":127,"column":74}},"75":{"start":{"line":128,"column":8},"end":{"line":128,"column":82}},"76":{"start":{"line":128,"column":21},"end":{"line":128,"column":82}},"77":{"start":{"line":130,"column":22},"end":{"line":130,"column":62}},"78":{"start":{"line":131,"column":8},"end":{"line":131,"column":39}},"79":{"start":{"line":132,"column":8},"end":{"line":132,"column":27}},"80":{"start":{"line":134,"column":8},"end":{"line":134,"column":73}},"81":{"start":{"line":136,"column":8},"end":{"line":136,"column":53}},"82":{"start":{"line":140,"column":0},"end":{"line":151,"column":2}}},"fnMap":{"0":{"name":"(anonymous_0)","decl":{"start":{"line":6,"column":20},"end":{"line":6,"column":21}},"loc":{"start":{"line":6,"column":40},"end":{"line":15,"column":1}},"line":6},"1":{"name":"(anonymous_1)","decl":{"start":{"line":18,"column":21},"end":{"line":18,"column":22}},"loc":{"start":{"line":18,"column":41},"end":{"line":25,"column":1}},"line":18},"2":{"name":"(anonymous_2)","decl":{"start":{"line":28,"column":21},"end":{"line":28,"column":22}},"loc":{"start":{"line":28,"column":41},"end":{"line":36,"column":1}},"line":28},"3":{"name":"(anonymous_3)","decl":{"start":{"line":39,"column":21},"end":{"line":39,"column":22}},"loc":{"start":{"line":39,"column":41},"end":{"line":55,"column":1}},"line":39},"4":{"name":"(anonymous_4)","decl":{"start":{"line":58,"column":24},"end":{"line":58,"column":25}},"loc":{"start":{"line":58,"column":44},"end":{"line":66,"column":1}},"line":58},"5":{"name":"(anonymous_5)","decl":{"start":{"line":69,"column":23},"end":{"line":69,"column":24}},"loc":{"start":{"line":69,"column":43},"end":{"line":78,"column":1}},"line":69},"6":{"name":"(anonymous_6)","decl":{"start":{"line":81,"column":28},"end":{"line":81,"column":29}},"loc":{"start":{"line":81,"column":48},"end":{"line":100,"column":1}},"line":81},"7":{"name":"(anonymous_7)","decl":{"start":{"line":103,"column":29},"end":{"line":103,"column":30}},"loc":{"start":{"line":103,"column":49},"end":{"line":111,"column":1}},"line":103},"8":{"name":"(anonymous_8)","decl":{"start":{"line":114,"column":20},"end":{"line":114,"column":21}},"loc":{"start":{"line":114,"column":40},"end":{"line":122,"column":1}},"line":114},"9":{"name":"(anonymous_9)","decl":{"start":{"line":125,"column":21},"end":{"line":125,"column":22}},"loc":{"start":{"line":125,"column":41},"end":{"line":138,"column":1}},"line":125}},"branchMap":{"0":{"loc":{"start":{"line":31,"column":8},"end":{"line":31,"column":80}},"type":"if","locations":[{"start":{"line":31,"column":8},"end":{"line":31,"column":80}},{"start":{},"end":{}}],"line":31},"1":{"loc":{"start":{"line":43,"column":8},"end":{"line":43,"column":80}},"type":"if","locations":[{"start":{"line":43,"column":8},"end":{"line":43,"column":80}},{"start":{},"end":{}}],"line":43},"2":{"loc":{"start":{"line":61,"column":8},"end":{"line":61,"column":80}},"type":"if","locations":[{"start":{"line":61,"column":8},"end":{"line":61,"column":80}},{"start":{},"end":{}}],"line":61},"3":{"loc":{"start":{"line":86,"column":8},"end":{"line":88,"column":9}},"type":"if","locations":[{"start":{"line":86,"column":8},"end":{"line":88,"column":9}},{"start":{},"end":{}}],"line":86},"4":{"loc":{"start":{"line":86,"column":12},"end":{"line":86,"column":31}},"type":"binary-expr","locations":[{"start":{"line":86,"column":12},"end":{"line":86,"column":18}},{"start":{"line":86,"column":22},"end":{"line":86,"column":31}}],"line":86},"5":{"loc":{"start":{"line":106,"column":8},"end":{"line":106,"column":80}},"type":"if","locations":[{"start":{"line":106,"column":8},"end":{"line":106,"column":80}},{"start":{},"end":{}}],"line":106},"6":{"loc":{"start":{"line":117,"column":8},"end":{"line":117,"column":80}},"type":"if","locations":[{"start":{"line":117,"column":8},"end":{"line":117,"column":80}},{"start":{},"end":{}}],"line":117},"7":{"loc":{"start":{"line":128,"column":8},"end":{"line":128,"column":82}},"type":"if","locations":[{"start":{"line":128,"column":8},"end":{"line":128,"column":82}},{"start":{},"end":{}}],"line":128}},"s":{"0":3,"1":3,"2":3,"3":3,"4":2,"5":2,"6":2,"7":2,"8":2,"9":0,"10":3,"11":2,"12":2,"13":2,"14":0,"15":3,"16":2,"17":2,"18":2,"19":0,"20":2,"21":0,"22":3,"23":2,"24":2,"25":2,"26":2,"27":0,"28":2,"29":2,"30":2,"31":2,"32":2,"33":0,"34":3,"35":0,"36":0,"37":0,"38":0,"39":0,"40":0,"41":3,"42":2,"43":2,"44":2,"45":2,"46":2,"47":0,"48":3,"49":2,"50":2,"51":2,"52":2,"53":0,"54":2,"55":2,"56":2,"57":0,"58":3,"59":0,"60":0,"61":0,"62":0,"63":0,"64":0,"65":3,"66":2,"67":2,"68":2,"69":0,"70":2,"71":0,"72":3,"73":2,"74":2,"75":2,"76":0,"77":2,"78":2,"79":2,"80":2,"81":0,"82":3},"f":{"0":2,"1":2,"2":2,"3":2,"4":0,"5":2,"6":2,"7":0,"8":2,"9":2},"b":{"0":[0,2],"1":[0,2],"2":[0,0],"3":[0,2],"4":[2,2],"5":[0,0],"6":[0,2],"7":[0,2]},"_coverageSchema":"1a1c01bbd47fc00a2c39e90264f33305004495a9","hash":"97a82375c35bf59c8dc987d72548a1fd07751966"}
,"C:\\Data\\Code\\Express\\ECommerce-ExpressJs-Solution-main\\Express\\middleware\\errorHandler.js": {"path":"C:\\Data\\Code\\Express\\ECommerce-ExpressJs-Solution-main\\Express\\middleware\\errorHandler.js","statementMap":{"0":{"start":{"line":1,"column":21},"end":{"line":6,"column":1}},"1":{"start":{"line":2,"column":4},"end":{"line":5,"column":7}},"2":{"start":{"line":8,"column":0},"end":{"line":8,"column":30}}},"fnMap":{"0":{"name":"(anonymous_0)","decl":{"start":{"line":1,"column":21},"end":{"line":1,"column":22}},"loc":{"start":{"line":1,"column":46},"end":{"line":6,"column":1}},"line":1}},"branchMap":{"0":{"loc":{"start":{"line":2,"column":15},"end":{"line":2,"column":32}},"type":"binary-expr","locations":[{"start":{"line":2,"column":15},"end":{"line":2,"column":25}},{"start":{"line":2,"column":29},"end":{"line":2,"column":32}}],"line":2},"1":{"loc":{"start":{"line":3,"column":17},"end":{"line":3,"column":54}},"type":"binary-expr","locations":[{"start":{"line":3,"column":17},"end":{"line":3,"column":28}},{"start":{"line":3,"column":32},"end":{"line":3,"column":54}}],"line":3},"2":{"loc":{"start":{"line":4,"column":15},"end":{"line":4,"column":71}},"type":"cond-expr","locations":[{"start":{"line":4,"column":55},"end":{"line":4,"column":59}},{"start":{"line":4,"column":62},"end":{"line":4,"column":71}}],"line":4}},"s":{"0":3,"1":1,"2":3},"f":{"0":1},"b":{"0":[1,0],"1":[1,0],"2":[0,1]},"_coverageSchema":"1a1c01bbd47fc00a2c39e90264f33305004495a9","hash":"bfc950bd15b84310aa3ae47f891842467ec2b422"}
,"C:\\Data\\Code\\Express\\ECommerce-ExpressJs-Solution-main\\Express\\models\\hotel.js": {"path":"C:\\Data\\Code\\Express\\ECommerce-ExpressJs-Solution-main\\Express\\models\\hotel.js","statementMap":{"0":{"start":{"line":1,"column":17},"end":{"line":1,"column":36}},"1":{"start":{"line":4,"column":20},"end":{"line":32,"column":24}},"2":{"start":{"line":34,"column":14},"end":{"line":34,"column":50}},"3":{"start":{"line":36,"column":0},"end":{"line":36,"column":23}}},"fnMap":{},"branchMap":{},"s":{"0":5,"1":5,"2":5,"3":5},"f":{},"b":{},"_coverageSchema":"1a1c01bbd47fc00a2c39e90264f33305004495a9","hash":"8e4458b8e3f0cbae40eac2065c4b9090ebb747d1"}
,"C:\\Data\\Code\\Express\\ECommerce-ExpressJs-Solution-main\\Express\\models\\review.js": {"path":"C:\\Data\\Code\\Express\\ECommerce-ExpressJs-Solution-main\\Express\\models\\review.js","statementMap":{"0":{"start":{"line":1,"column":17},"end":{"line":1,"column":36}},"1":{"start":{"line":4,"column":21},"end":{"line":24,"column":24}},"2":{"start":{"line":26,"column":15},"end":{"line":26,"column":53}},"3":{"start":{"line":28,"column":0},"end":{"line":28,"column":24}}},"fnMap":{},"branchMap":{},"s":{"0":5,"1":5,"2":5,"3":5},"f":{},"b":{},"_coverageSchema":"1a1c01bbd47fc00a2c39e90264f33305004495a9","hash":"136e8baee182ad68812c0b15be0fe67b05217275"}
,"C:\\Data\\Code\\Express\\ECommerce-ExpressJs-Solution-main\\Express\\models\\roomType.js": {"path":"C:\\Data\\Code\\Express\\ECommerce-ExpressJs-Solution-main\\Express\\models\\roomType.js","statementMap":{"0":{"start":{"line":1,"column":17},"end":{"line":1,"column":36}},"1":{"start":{"line":4,"column":23},"end":{"line":17,"column":24}},"2":{"start":{"line":19,"column":17},"end":{"line":19,"column":59}},"3":{"start":{"line":21,"column":0},"end":{"line":21,"column":26}}},"fnMap":{},"branchMap":{},"s":{"0":5,"1":5,"2":5,"3":5},"f":{},"b":{},"_coverageSchema":"1a1c01bbd47fc00a2c39e90264f33305004495a9","hash":"1328abe1f59822f74d3765de627f060e8e4fbe6d"}
,"C:\\Data\\Code\\Express\\ECommerce-ExpressJs-Solution-main\\Express\\routes\\hotelRoutes.js": {"path":"C:\\Data\\Code\\Express\\ECommerce-ExpressJs-Solution-main\\Express\\routes\\hotelRoutes.js","statementMap":{"0":{"start":{"line":1,"column":16},"end":{"line":1,"column":34}},"1":{"start":{"line":2,"column":15},"end":{"line":2,"column":31}},"2":{"start":{"line":3,"column":24},"end":{"line":3,"column":65}},"3":{"start":{"line":6,"column":0},"end":{"line":6,"column":52}},"4":{"start":{"line":9,"column":0},"end":{"line":9,"column":52}},"5":{"start":{"line":12,"column":0},"end":{"line":12,"column":61}},"6":{"start":{"line":15,"column":0},"end":{"line":15,"column":70}},"7":{"start":{"line":18,"column":0},"end":{"line":18,"column":72}},"8":{"start":{"line":21,"column":0},"end":{"line":21,"column":59}},"9":{"start":{"line":24,"column":0},"end":{"line":24,"column":92}},"10":{"start":{"line":27,"column":0},"end":{"line":27,"column":80}},"11":{"start":{"line":30,"column":0},"end":{"line":30,"column":63}},"12":{"start":{"line":33,"column":0},"end":{"line":33,"column":82}},"13":{"start":{"line":35,"column":0},"end":{"line":35,"column":24}}},"fnMap":{},"branchMap":{},"s":{"0":3,"1":3,"2":3,"3":3,"4":3,"5":3,"6":3,"7":3,"8":3,"9":3,"10":3,"11":3,"12":3,"13":3},"f":{},"b":{},"_coverageSchema":"1a1c01bbd47fc00a2c39e90264f33305004495a9","hash":"db8701212ee956040c620f715053fe8c29566ed8"}
}
