TN:
SF:app.js
FNF:0
FNH:0
DA:1,3
DA:2,3
DA:3,3
DA:4,3
DA:5,3
DA:6,3
DA:7,3
DA:8,3
DA:10,3
DA:12,3
DA:13,3
DA:14,3
DA:15,3
DA:16,3
DA:17,3
DA:20,3
DA:23,3
DA:25,3
LF:18
LH:18
BRF:0
BRH:0
end_of_record
TN:
SF:controllers\hotelController.js
FN:6,(anonymous_0)
FN:18,(anonymous_1)
FN:28,(anonymous_2)
FN:39,(anonymous_3)
FN:58,(anonymous_4)
FN:69,(anonymous_5)
FN:81,(anonymous_6)
FN:103,(anonymous_7)
FN:114,(anonymous_8)
FN:125,(anonymous_9)
FNF:10
FNH:8
FNDA:2,(anonymous_0)
FNDA:2,(anonymous_1)
FNDA:2,(anonymous_2)
FNDA:2,(anonymous_3)
FNDA:0,(anonymous_4)
FNDA:2,(anonymous_5)
FNDA:2,(anonymous_6)
FNDA:0,(anonymous_7)
FNDA:2,(anonymous_8)
FNDA:2,(anonymous_9)
DA:1,3
DA:2,3
DA:3,3
DA:6,3
DA:7,2
DA:8,2
DA:9,2
DA:10,2
DA:11,2
DA:13,0
DA:18,3
DA:19,2
DA:20,2
DA:21,2
DA:23,0
DA:28,3
DA:29,2
DA:30,2
DA:31,2
DA:32,2
DA:34,0
DA:39,3
DA:40,2
DA:41,2
DA:42,2
DA:43,2
DA:45,2
DA:46,2
DA:48,2
DA:49,2
DA:51,2
DA:53,0
DA:58,3
DA:59,0
DA:60,0
DA:61,0
DA:62,0
DA:64,0
DA:69,3
DA:70,2
DA:71,2
DA:72,2
DA:73,2
DA:74,2
DA:76,0
DA:81,3
DA:82,2
DA:83,2
DA:84,2
DA:86,2
DA:87,0
DA:91,2
DA:94,2
DA:96,2
DA:98,0
DA:103,3
DA:104,0
DA:105,0
DA:106,0
DA:107,0
DA:109,0
DA:114,3
DA:115,2
DA:116,2
DA:117,2
DA:118,2
DA:120,0
DA:125,3
DA:126,2
DA:127,2
DA:128,2
DA:130,2
DA:131,2
DA:132,2
DA:134,2
DA:136,0
DA:140,3
LF:77
LH:58
BRDA:31,0,0,0
BRDA:31,0,1,2
BRDA:43,1,0,0
BRDA:43,1,1,2
BRDA:61,2,0,0
BRDA:61,2,1,0
BRDA:86,3,0,0
BRDA:86,3,1,2
BRDA:86,4,0,2
BRDA:86,4,1,2
BRDA:106,5,0,0
BRDA:106,5,1,0
BRDA:117,6,0,0
BRDA:117,6,1,2
BRDA:128,7,0,0
BRDA:128,7,1,2
BRF:16
BRH:7
end_of_record
TN:
SF:middleware\errorHandler.js
FN:1,(anonymous_0)
FNF:1
FNH:1
FNDA:1,(anonymous_0)
DA:1,3
DA:2,1
DA:8,3
LF:3
LH:3
BRDA:2,0,0,1
BRDA:2,0,1,0
BRDA:3,1,0,1
BRDA:3,1,1,0
BRDA:4,2,0,0
BRDA:4,2,1,1
BRF:6
BRH:3
end_of_record
TN:
SF:models\hotel.js
FNF:0
FNH:0
DA:1,5
DA:4,5
DA:34,5
DA:36,5
LF:4
LH:4
BRF:0
BRH:0
end_of_record
TN:
SF:models\review.js
FNF:0
FNH:0
DA:1,5
DA:4,5
DA:26,5
DA:28,5
LF:4
LH:4
BRF:0
BRH:0
end_of_record
TN:
SF:models\roomType.js
FNF:0
FNH:0
DA:1,5
DA:4,5
DA:19,5
DA:21,5
LF:4
LH:4
BRF:0
BRH:0
end_of_record
TN:
SF:routes\hotelRoutes.js
FNF:0
FNH:0
DA:1,3
DA:2,3
DA:3,3
DA:6,3
DA:9,3
DA:12,3
DA:15,3
DA:18,3
DA:21,3
DA:24,3
DA:27,3
DA:30,3
DA:33,3
DA:35,3
LF:14
LH:14
BRF:0
BRH:0
end_of_record
